<?xml version="1.0" encoding="UTF-8"?>
<testng-results ignored="0" total="0" passed="0" failed="0" skipped="0">
  <reporter-output>
  </reporter-output>
  <suite started-at="2022-05-22T01:49:05Z" name="loging_test.Login_Test" finished-at="2022-05-22T01:49:05Z" duration-ms="6">
    <groups>
    </groups>
    <test started-at="2022-05-22T01:49:05Z" name="Command line test" finished-at="2022-05-22T01:49:05Z" duration-ms="6">
    </test> <!-- Command line test -->
  </suite> <!-- loging_test.Login_Test -->
</testng-results>
