<?xml version="1.0" encoding="UTF-8"?>
<testng-results ignored="0" total="1" passed="1" failed="0" skipped="0">
  <reporter-output>
  </reporter-output>
  <suite started-at="2022-05-12T23:44:04 EDT" name="Default suite" finished-at="2022-05-12T23:44:15 EDT" duration-ms="11703">
    <groups>
    </groups>
    <test started-at="2022-05-12T23:44:04 EDT" name="Default test" finished-at="2022-05-12T23:44:15 EDT" duration-ms="11703">
      <class name="testNg.Window_Handler">
        <test-method is-config="true" signature="init()[pri:0, instance:testNg.Window_Handler@e7edb54]" started-at="2022-05-12T23:44:04 EDT" name="init" finished-at="2022-05-12T23:44:09 EDT" duration-ms="5404" status="PASS">
          <reporter-output>
          </reporter-output>
        </test-method> <!-- init -->
        <test-method signature="windowHandle()[pri:0, instance:testNg.Window_Handler@e7edb54]" started-at="2022-05-12T23:44:09 EDT" name="windowHandle" finished-at="2022-05-12T23:44:15 EDT" duration-ms="6262" status="PASS">
          <reporter-output>
          </reporter-output>
        </test-method> <!-- windowHandle -->
      </class> <!-- testNg.Window_Handler -->
    </test> <!-- Default test -->
  </suite> <!-- Default suite -->
</testng-results>
